C:\USERS\JMORON\DOCUMENTS\UNIVERSIDAD\3º CURSO\META\PRACTICAS\JULIO\PRACTICA1\PRACTICA1\DEBUG\PRACTICA1.PCH
C:\USERS\JMORON\DOCUMENTS\UNIVERSIDAD\3º CURSO\META\PRACTICAS\JULIO\PRACTICA1\PRACTICA1\DEBUG\STDAFX.OBJ
C:\USERS\JMORON\DOCUMENTS\UNIVERSIDAD\3º CURSO\META\PRACTICAS\JULIO\PRACTICA1\PRACTICA1\DEBUG\VC110.PDB
C:\USERS\JMORON\DOCUMENTS\UNIVERSIDAD\3º CURSO\META\PRACTICAS\JULIO\PRACTICA1\PRACTICA1\DEBUG\PRACTICA1.OBJ
C:\USERS\JMORON\DOCUMENTS\UNIVERSIDAD\3º CURSO\META\PRACTICAS\JULIO\PRACTICA1\DEBUG\PRACTICA1.ILK
C:\USERS\JMORON\DOCUMENTS\UNIVERSIDAD\3º CURSO\META\PRACTICAS\JULIO\PRACTICA1\DEBUG\PRACTICA1.EXE
C:\USERS\JMORON\DOCUMENTS\UNIVERSIDAD\3º CURSO\META\PRACTICAS\JULIO\PRACTICA1\DEBUG\PRACTICA1.PDB
C:\Users\jmoron\Documents\Universidad\3º Curso\Meta\Practicas\JULIO\Practica1\Practica1\Debug\Practica1.obj
C:\Users\jmoron\Documents\Universidad\3º Curso\Meta\Practicas\JULIO\Practica1\Practica1\Debug\stdafx.obj
C:\Users\jmoron\Documents\Universidad\3º Curso\Meta\Practicas\JULIO\Practica1\Practica1\Debug\cl.command.1.tlog
C:\Users\jmoron\Documents\Universidad\3º Curso\Meta\Practicas\JULIO\Practica1\Practica1\Debug\CL.read.1.tlog
C:\Users\jmoron\Documents\Universidad\3º Curso\Meta\Practicas\JULIO\Practica1\Practica1\Debug\CL.write.1.tlog
C:\Users\jmoron\Documents\Universidad\3º Curso\Meta\Practicas\JULIO\Practica1\Practica1\Debug\link-cvtres.read.1.tlog
C:\Users\jmoron\Documents\Universidad\3º Curso\Meta\Practicas\JULIO\Practica1\Practica1\Debug\link-cvtres.write.1.tlog
C:\Users\jmoron\Documents\Universidad\3º Curso\Meta\Practicas\JULIO\Practica1\Practica1\Debug\link-rc.read.1.tlog
C:\Users\jmoron\Documents\Universidad\3º Curso\Meta\Practicas\JULIO\Practica1\Practica1\Debug\link-rc.write.1.tlog
C:\Users\jmoron\Documents\Universidad\3º Curso\Meta\Practicas\JULIO\Practica1\Practica1\Debug\link.2344-cvtres.read.1.tlog
C:\Users\jmoron\Documents\Universidad\3º Curso\Meta\Practicas\JULIO\Practica1\Practica1\Debug\link.2344-cvtres.write.1.tlog
C:\Users\jmoron\Documents\Universidad\3º Curso\Meta\Practicas\JULIO\Practica1\Practica1\Debug\link.2344-rc.read.1.tlog
C:\Users\jmoron\Documents\Universidad\3º Curso\Meta\Practicas\JULIO\Practica1\Practica1\Debug\link.2344-rc.write.1.tlog
C:\Users\jmoron\Documents\Universidad\3º Curso\Meta\Practicas\JULIO\Practica1\Practica1\Debug\link.2344.read.1.tlog
C:\Users\jmoron\Documents\Universidad\3º Curso\Meta\Practicas\JULIO\Practica1\Practica1\Debug\link.2344.write.1.tlog
C:\Users\jmoron\Documents\Universidad\3º Curso\Meta\Practicas\JULIO\Practica1\Practica1\Debug\link.3680-cvtres.read.1.tlog
C:\Users\jmoron\Documents\Universidad\3º Curso\Meta\Practicas\JULIO\Practica1\Practica1\Debug\link.3680-cvtres.write.1.tlog
C:\Users\jmoron\Documents\Universidad\3º Curso\Meta\Practicas\JULIO\Practica1\Practica1\Debug\link.3680-rc.read.1.tlog
C:\Users\jmoron\Documents\Universidad\3º Curso\Meta\Practicas\JULIO\Practica1\Practica1\Debug\link.3680-rc.write.1.tlog
C:\Users\jmoron\Documents\Universidad\3º Curso\Meta\Practicas\JULIO\Practica1\Practica1\Debug\link.3680.read.1.tlog
C:\Users\jmoron\Documents\Universidad\3º Curso\Meta\Practicas\JULIO\Practica1\Practica1\Debug\link.3680.write.1.tlog
C:\Users\jmoron\Documents\Universidad\3º Curso\Meta\Practicas\JULIO\Practica1\Practica1\Debug\link.5372-cvtres.read.1.tlog
C:\Users\jmoron\Documents\Universidad\3º Curso\Meta\Practicas\JULIO\Practica1\Practica1\Debug\link.5372-cvtres.write.1.tlog
C:\Users\jmoron\Documents\Universidad\3º Curso\Meta\Practicas\JULIO\Practica1\Practica1\Debug\link.5372-rc.read.1.tlog
C:\Users\jmoron\Documents\Universidad\3º Curso\Meta\Practicas\JULIO\Practica1\Practica1\Debug\link.5372-rc.write.1.tlog
C:\Users\jmoron\Documents\Universidad\3º Curso\Meta\Practicas\JULIO\Practica1\Practica1\Debug\link.5372.read.1.tlog
C:\Users\jmoron\Documents\Universidad\3º Curso\Meta\Practicas\JULIO\Practica1\Practica1\Debug\link.5372.write.1.tlog
C:\Users\jmoron\Documents\Universidad\3º Curso\Meta\Practicas\JULIO\Practica1\Practica1\Debug\link.command.1.tlog
C:\Users\jmoron\Documents\Universidad\3º Curso\Meta\Practicas\JULIO\Practica1\Practica1\Debug\link.read.1.tlog
C:\Users\jmoron\Documents\Universidad\3º Curso\Meta\Practicas\JULIO\Practica1\Practica1\Debug\link.write.1.tlog
C:\Users\jmoron\Documents\Universidad\3º Curso\Meta\Practicas\JULIO\Practica1\Practica1\Debug\Practica1.pch
C:\Users\jmoron\Documents\Universidad\3º Curso\Meta\Practicas\JULIO\Practica1\Practica1\Debug\vc110.idb
C:\Users\jmoron\Documents\Universidad\3º Curso\Meta\Practicas\JULIO\Practica1\Practica1\Debug\vc110.pdb
C:\Users\jmoron\Documents\Universidad\3º Curso\Meta\Practicas\JULIO\Practica1\Debug\Practica1.pdb
C:\Users\jmoron\Documents\Universidad\3º Curso\Meta\Practicas\JULIO\Practica1\Debug\Practica1.exe
C:\Users\jmoron\Documents\Universidad\3º Curso\Meta\Practicas\JULIO\Practica1\Debug\Practica1.ilk
